<?xml version="1.0" encoding="UTF-8"?>
<!-- Generated by org.testng.reporters.JUnitXMLReporter -->
<testsuite ignored="0" hostname="hariszafar-lt" failures="0" tests="6" name="Default test" time="15.326" errors="0" timestamp="2024-02-27T00:18:07 PKT">
  <testcase classname="api.test.UserTests" name="testPostUser" time="4.611"/>
  <testcase classname="api.test.UserTests" name="testGetUserByName" time="1.506"/>
  <testcase classname="api.test.UserTests" name="testLoginUser" time="1.532"/>
  <testcase classname="api.test.UserTests" name="testUpdateUserByName" time="2.968"/>
  <testcase classname="api.test.UserTests" name="testDeleteUserByName" time="1.528"/>
  <testcase classname="api.test.UserTests" name="testLogoutUser" time="1.43"/>
</testsuite> <!-- Default test -->
