<?xml version="1.0" encoding="UTF-8"?>
<testng-results ignored="0" total="4" passed="4" failed="0" skipped="0">
  <reporter-output>
  </reporter-output>
  <suite started-at="2024-02-27T23:12:25 PKT" name="PetSuite" finished-at="2024-02-27T23:12:38 PKT" duration-ms="12886">
    <groups>
    </groups>
    <test started-at="2024-02-27T23:12:25 PKT" name="PetTests" finished-at="2024-02-27T23:12:38 PKT" duration-ms="12886">
      <class name="api.test.UserTests2">
        <test-method is-config="true" signature="setup()[pri:0, instance:api.test.UserTests2@56620197]" started-at="2024-02-27T23:12:25 PKT" name="setup" finished-at="2024-02-27T23:12:26 PKT" duration-ms="842" status="PASS">
          <reporter-output>
          </reporter-output>
        </test-method> <!-- setup -->
        <test-method signature="testPostUser()[pri:1, instance:api.test.UserTests2@56620197]" started-at="2024-02-27T23:12:26 PKT" name="testPostUser" finished-at="2024-02-27T23:12:32 PKT" duration-ms="5417" status="PASS">
          <reporter-output>
          </reporter-output>
        </test-method> <!-- testPostUser -->
        <test-method signature="testGetUserByName()[pri:2, instance:api.test.UserTests2@56620197]" started-at="2024-02-27T23:12:32 PKT" name="testGetUserByName" finished-at="2024-02-27T23:12:33 PKT" duration-ms="1579" status="PASS">
          <reporter-output>
          </reporter-output>
        </test-method> <!-- testGetUserByName -->
        <test-method signature="testUpdateUserByName()[pri:3, instance:api.test.UserTests2@56620197]" started-at="2024-02-27T23:12:33 PKT" name="testUpdateUserByName" finished-at="2024-02-27T23:12:36 PKT" duration-ms="3181" status="PASS">
          <reporter-output>
          </reporter-output>
        </test-method> <!-- testUpdateUserByName -->
        <test-method signature="testDeleteUserByName()[pri:4, instance:api.test.UserTests2@56620197]" started-at="2024-02-27T23:12:36 PKT" name="testDeleteUserByName" finished-at="2024-02-27T23:12:38 PKT" duration-ms="1614" status="PASS">
          <reporter-output>
          </reporter-output>
        </test-method> <!-- testDeleteUserByName -->
      </class> <!-- api.test.UserTests2 -->
    </test> <!-- PetTests -->
  </suite> <!-- PetSuite -->
</testng-results>
