<?xml version="1.0" encoding="UTF-8"?>
<testng-results ignored="0" total="4" passed="4" failed="0" skipped="0">
  <reporter-output>
  </reporter-output>
  <suite started-at="2024-02-27T19:51:31 PKT" name="PetSuite" finished-at="2024-02-27T19:51:43 PKT" duration-ms="11259">
    <groups>
    </groups>
    <test started-at="2024-02-27T19:51:31 PKT" name="PetTests" finished-at="2024-02-27T19:51:43 PKT" duration-ms="11259">
      <class name="api.test.UserTests2">
        <test-method is-config="true" signature="setup()[pri:0, instance:api.test.UserTests2@4fb0f2b9]" started-at="2024-02-27T19:51:32 PKT" name="setup" finished-at="2024-02-27T19:51:33 PKT" duration-ms="949" status="PASS">
          <reporter-output>
          </reporter-output>
        </test-method> <!-- setup -->
        <test-method signature="testPostUser()[pri:1, instance:api.test.UserTests2@4fb0f2b9]" started-at="2024-02-27T19:51:33 PKT" name="testPostUser" finished-at="2024-02-27T19:51:38 PKT" duration-ms="5283" status="PASS">
          <reporter-output>
          </reporter-output>
        </test-method> <!-- testPostUser -->
        <test-method signature="testGetUserByName()[pri:2, instance:api.test.UserTests2@4fb0f2b9]" started-at="2024-02-27T19:51:38 PKT" name="testGetUserByName" finished-at="2024-02-27T19:51:39 PKT" duration-ms="1158" status="PASS">
          <reporter-output>
          </reporter-output>
        </test-method> <!-- testGetUserByName -->
        <test-method signature="testUpdateUserByName()[pri:3, instance:api.test.UserTests2@4fb0f2b9]" started-at="2024-02-27T19:51:39 PKT" name="testUpdateUserByName" finished-at="2024-02-27T19:51:42 PKT" duration-ms="2290" status="PASS">
          <reporter-output>
          </reporter-output>
        </test-method> <!-- testUpdateUserByName -->
        <test-method signature="testDeleteUserByName()[pri:4, instance:api.test.UserTests2@4fb0f2b9]" started-at="2024-02-27T19:51:42 PKT" name="testDeleteUserByName" finished-at="2024-02-27T19:51:43 PKT" duration-ms="1125" status="PASS">
          <reporter-output>
          </reporter-output>
        </test-method> <!-- testDeleteUserByName -->
      </class> <!-- api.test.UserTests2 -->
    </test> <!-- PetTests -->
  </suite> <!-- PetSuite -->
</testng-results>
