<?xml version="1.0" encoding="UTF-8"?>
<!-- Generated by org.testng.reporters.JUnitXMLReporter -->
<testsuite ignored="0" hostname="hariszafar-lt" failures="0" tests="4" name="PetTests" time="12.886" errors="0" timestamp="2024-02-27T23:12:38 PKT">
  <testcase classname="api.test.UserTests2" name="testPostUser" time="5.417"/>
  <testcase classname="api.test.UserTests2" name="testGetUserByName" time="1.579"/>
  <testcase classname="api.test.UserTests2" name="testUpdateUserByName" time="3.181"/>
  <testcase classname="api.test.UserTests2" name="testDeleteUserByName" time="1.614"/>
</testsuite> <!-- PetTests -->
