<?xml version="1.0" encoding="UTF-8"?>
<!-- Generated by org.testng.reporters.JUnitXMLReporter -->
<testsuite ignored="0" hostname="hariszafar-lt" failures="0" tests="4" name="PetTests" time="11.259" errors="0" timestamp="2024-02-27T19:51:43 PKT">
  <testcase classname="api.test.UserTests2" name="testPostUser" time="5.283"/>
  <testcase classname="api.test.UserTests2" name="testGetUserByName" time="1.158"/>
  <testcase classname="api.test.UserTests2" name="testUpdateUserByName" time="2.29"/>
  <testcase classname="api.test.UserTests2" name="testDeleteUserByName" time="1.125"/>
</testsuite> <!-- PetTests -->
